[debug] [2020-07-22T14:21:03.782Z] ----------------------------------------------------------------------
[debug] [2020-07-22T14:21:03.785Z] Command:       C:\Program Files\nodejs\node.exe C:\Users\Haier\AppData\Roaming\npm\node_modules\firebase-tools\lib\bin\firebase.js init
[debug] [2020-07-22T14:21:03.785Z] CLI Version:   8.6.0
[debug] [2020-07-22T14:21:03.785Z] Platform:      win32
[debug] [2020-07-22T14:21:03.785Z] Node Version:  v12.18.0
[debug] [2020-07-22T14:21:03.787Z] Time:          Wed Jul 22 2020 19:21:03 GMT+0500 (Pakistan Standard Time)
[debug] [2020-07-22T14:21:03.788Z] ----------------------------------------------------------------------
[debug] [2020-07-22T14:21:03.788Z] 
[debug] [2020-07-22T14:21:03.805Z] > command requires scopes: ["email","openid","https://www.googleapis.com/auth/cloudplatformprojects.readonly","https://www.googleapis.com/auth/firebase","https://www.googleapis.com/auth/cloud-platform"]
[debug] [2020-07-22T14:21:03.806Z] > authorizing via signed-in user
[info] 
     ######## #### ########  ######## ########     ###     ######  ########
     ##        ##  ##     ## ##       ##     ##  ##   ##  ##       ##
     ######    ##  ########  ######   ########  #########  ######  ######
     ##        ##  ##    ##  ##       ##     ## ##     ##       ## ##
     ##       #### ##     ## ######## ########  ##     ##  ######  ########

You're about to initialize a Firebase project in this directory:

  C:\products\mygithub\store

Before we get started, keep in mind:

  * You are currently outside your home directory

[info] 
=== Project Setup
[info] 
[info] First, let's associate this project directory with a Firebase project.
[info] You can create multiple project aliases by running firebase use --add, 
[info] but for now we'll just set up a default project.
[info] 
